<?xml version="1.0" encoding="utf-8"?><testsuites name="pytest tests"><testsuite name="pytest" errors="0" failures="0" skipped="0" tests="20" time="3.179" timestamp="2026-05-08T19:16:43.410812+00:00" hostname="agent-env-51395054-5798-4ef2-baad-ff720c697c3d"><testcase classname="backend.tests.test_contact_admin" name="test_setup_supervisor_login" time="0.446" /><testcase classname="backend.tests.test_contact_admin" name="test_setup_create_agent" time="0.290" /><testcase classname="backend.tests.test_contact_admin" name="test_contact_submit_ok" time="0.065" /><testcase classname="backend.tests.test_contact_admin" name="test_contact_no_auth_required" time="0.161" /><testcase classname="backend.tests.test_contact_admin" name="test_contact_missing_name" time="0.058" /><testcase classname="backend.tests.test_contact_admin" name="test_contact_missing_message" time="0.061" /><testcase classname="backend.tests.test_contact_admin" name="test_contact_invalid_email" time="0.057" /><testcase classname="backend.tests.test_contact_admin" name="test_contacts_list_no_auth_blocked" time="0.107" /><testcase classname="backend.tests.test_contact_admin" name="test_contacts_list_agent_forbidden" time="0.063" /><testcase classname="backend.tests.test_contact_admin" name="test_contacts_list_supervisor" time="0.060" /><testcase classname="backend.tests.test_contact_admin" name="test_create_user_admin_role" time="0.282" /><testcase classname="backend.tests.test_contact_admin" name="test_create_user_invalid_role_ceo" time="0.059" /><testcase classname="backend.tests.test_contact_admin" name="test_admin_can_login" time="0.282" /><testcase classname="backend.tests.test_contact_admin" name="test_admin_can_list_users" time="0.058" /><testcase classname="backend.tests.test_contact_admin" name="test_admin_can_list_contacts" time="0.058" /><testcase classname="backend.tests.test_contact_admin" name="test_admin_can_update_settings_assist" time="0.121" /><testcase classname="backend.tests.test_contact_admin" name="test_agent_cannot_update_settings_assist" time="0.064" /><testcase classname="backend.tests.test_contact_admin" name="test_patch_user_agent_to_admin_and_back" time="0.469" /><testcase classname="backend.tests.test_contact_admin" name="test_register_admin_role" time="0.289" /><testcase classname="backend.tests.test_contact_admin" name="test_zz_cleanup_admin" time="0.060" /></testsuite></testsuites>