<?xml version="1.0" encoding="utf-8"?><testsuites name="pytest tests"><testsuite name="pytest" errors="0" failures="0" skipped="0" tests="104" time="34.252" timestamp="2026-06-12T10:33:50.037967+00:00" hostname="agent-env-51395054-5798-4ef2-baad-ff720c697c3d"><testcase classname="backend.tests.backend_test" name="test_register_supervisor_seeded" time="0.346" /><testcase classname="backend.tests.backend_test" name="test_register_agent" time="0.569" /><testcase classname="backend.tests.backend_test" name="test_register_supervisor" time="0.269" /><testcase classname="backend.tests.backend_test" name="test_register_requires_supervisor" time="0.046" /><testcase classname="backend.tests.backend_test" name="test_register_duplicate" time="0.041" /><testcase classname="backend.tests.backend_test" name="test_login" time="0.270" /><testcase classname="backend.tests.backend_test" name="test_login_bad" time="0.265" /><testcase classname="backend.tests.backend_test" name="test_me" time="0.043" /><testcase classname="backend.tests.backend_test" name="test_me_no_token" time="0.041" /><testcase classname="backend.tests.backend_test" name="test_kb_seed" time="0.044" /><testcase classname="backend.tests.backend_test" name="test_kb_list" time="0.043" /><testcase classname="backend.tests.backend_test" name="test_kb_upload" time="0.047" /><testcase classname="backend.tests.backend_test" name="test_kb_search" time="2.302" /><testcase classname="backend.tests.backend_test" name="test_kb_delete" time="0.044" /><testcase classname="backend.tests.backend_test" name="test_create_call" time="0.048" /><testcase classname="backend.tests.backend_test" name="test_list_calls" time="0.043" /><testcase classname="backend.tests.backend_test" name="test_active_calls" time="0.054" /><testcase classname="backend.tests.backend_test" name="test_get_call" time="0.045" /><testcase classname="backend.tests.backend_test" name="test_add_utterances" time="0.135" /><testcase classname="backend.tests.backend_test" name="test_analyze_call" time="6.030" /><testcase classname="backend.tests.backend_test" name="test_summary" time="2.849" /><testcase classname="backend.tests.backend_test" name="test_end_call" time="0.091" /><testcase classname="backend.tests.backend_test" name="test_analytics" time="0.047" /><testcase classname="backend.tests.backend_test" name="test_workflows" time="0.045" /><testcase classname="backend.tests.backend_test" name="test_providers" time="0.044" /><testcase classname="backend.tests.backend_test" name="test_webhook_crud" time="0.137" /><testcase classname="backend.tests.test_contact_admin" name="test_setup_supervisor_login" time="0.381" /><testcase classname="backend.tests.test_contact_admin" name="test_setup_create_agent" time="0.538" /><testcase classname="backend.tests.test_contact_admin" name="test_contact_submit_ok" time="0.047" /><testcase classname="backend.tests.test_contact_admin" name="test_contact_no_auth_required" time="0.097" /><testcase classname="backend.tests.test_contact_admin" name="test_contact_missing_name" time="0.045" /><testcase classname="backend.tests.test_contact_admin" name="test_contact_missing_message" time="0.045" /><testcase classname="backend.tests.test_contact_admin" name="test_contact_invalid_email" time="0.044" /><testcase classname="backend.tests.test_contact_admin" name="test_contacts_list_no_auth_blocked" time="0.103" /><testcase classname="backend.tests.test_contact_admin" name="test_contacts_list_agent_forbidden" time="0.047" /><testcase classname="backend.tests.test_contact_admin" name="test_contacts_list_supervisor" time="0.044" /><testcase classname="backend.tests.test_contact_admin" name="test_create_user_admin_role" time="0.270" /><testcase classname="backend.tests.test_contact_admin" name="test_create_user_invalid_role_ceo" time="0.045" /><testcase classname="backend.tests.test_contact_admin" name="test_admin_can_login" time="0.268" /><testcase classname="backend.tests.test_contact_admin" name="test_admin_can_list_users" time="0.046" /><testcase classname="backend.tests.test_contact_admin" name="test_admin_can_list_contacts" time="0.045" /><testcase classname="backend.tests.test_contact_admin" name="test_admin_can_update_settings_assist" time="0.095" /><testcase classname="backend.tests.test_contact_admin" name="test_agent_cannot_update_settings_assist" time="0.047" /><testcase classname="backend.tests.test_contact_admin" name="test_patch_user_agent_to_admin_and_back" time="0.409" /><testcase classname="backend.tests.test_contact_admin" name="test_register_admin_role" time="0.368" /><testcase classname="backend.tests.test_contact_admin" name="test_zz_cleanup_admin" time="0.049" /><testcase classname="backend.tests.test_insights.TestCopilotRemoved" name="test_copilot_chat_404" time="0.413" /><testcase classname="backend.tests.test_insights.TestCopilotRemoved" name="test_copilot_sessions_404" time="0.104" /><testcase classname="backend.tests.test_insights.TestCategories" name="test_list_seeds_six" time="0.101" /><testcase classname="backend.tests.test_insights.TestCategories" name="test_agent_can_list" time="0.421" /><testcase classname="backend.tests.test_insights.TestCategories" name="test_create_requires_supervisor" time="0.111" /><testcase classname="backend.tests.test_insights.TestCategories" name="test_create_update_delete_custom" time="0.581" /><testcase classname="backend.tests.test_insights.TestCategories" name="test_patch_404" time="0.094" /><testcase classname="backend.tests.test_insights.TestCategories" name="test_delete_seed_soft_disables" time="0.430" /><testcase classname="backend.tests.test_insights.TestCategories" name="test_delete_404" time="0.101" /><testcase classname="backend.tests.test_insights.TestCategories" name="test_recompute_requires_supervisor" time="0.101" /><testcase classname="backend.tests.test_insights.TestCategories" name="test_recompute_returns_counts" time="0.109" /><testcase classname="backend.tests.test_insights.TestExplorer" name="test_search_no_query" time="0.107" /><testcase classname="backend.tests.test_insights.TestExplorer" name="test_search_pagination" time="0.199" /><testcase classname="backend.tests.test_insights.TestExplorer" name="test_search_filters" time="0.112" /><testcase classname="backend.tests.test_insights.TestExplorer" name="test_search_with_query_returns_snippet" time="0.097" /><testcase classname="backend.tests.test_insights.TestExplorer" name="test_search_category_filter" time="0.190" /><testcase classname="backend.tests.test_insights.TestExplorer" name="test_search_agent_scoped" time="0.098" /><testcase classname="backend.tests.test_insights.TestExplorer" name="test_call_detail" time="0.198" /><testcase classname="backend.tests.test_insights.TestExplorer" name="test_call_detail_404" time="0.107" /><testcase classname="backend.tests.test_insights.TestExplorer" name="test_call_detail_agent_scope_blocks_others" time="0.203" /><testcase classname="backend.tests.test_insights.TestScorecard" name="test_agents_requires_supervisor" time="0.094" /><testcase classname="backend.tests.test_insights.TestScorecard" name="test_agents_rollup" time="0.096" /><testcase classname="backend.tests.test_insights.TestScorecard" name="test_agent_scorecard_self" time="0.097" /><testcase classname="backend.tests.test_insights.TestScorecard" name="test_agent_cannot_view_other" time="0.207" /><testcase classname="backend.tests.test_insights.TestScorecard" name="test_supervisor_can_view_any_agent" time="0.098" /><testcase classname="backend.tests.test_insights.TestTrends" name="test_trends_supervisor" time="0.097" /><testcase classname="backend.tests.test_insights.TestTrends" name="test_trends_agent_scoped" time="0.186" /><testcase classname="backend.tests.test_insights.TestAutoTagging" name="test_categories_auto_set_on_end_call" time="0.693" /><testcase classname="backend.tests.test_insights.TestAutoTagging" name="test_recompute_after_keyword_change" time="0.771" /><testcase classname="backend.tests.test_users_workflows" name="test_demo_login_supervisor" time="0.321" /><testcase classname="backend.tests.test_users_workflows" name="test_users_list_requires_supervisor" time="0.577" /><testcase classname="backend.tests.test_users_workflows" name="test_users_list_no_password_field" time="0.057" /><testcase classname="backend.tests.test_users_workflows" name="test_create_user" time="0.312" /><testcase classname="backend.tests.test_users_workflows" name="test_create_user_duplicate_email" time="0.044" /><testcase classname="backend.tests.test_users_workflows" name="test_create_user_invalid_role" time="0.044" /><testcase classname="backend.tests.test_users_workflows" name="test_create_user_admin_role" time="0.313" /><testcase classname="backend.tests.test_users_workflows" name="test_create_user_login_works" time="0.266" /><testcase classname="backend.tests.test_users_workflows" name="test_update_user_name_and_role" time="0.045" /><testcase classname="backend.tests.test_users_workflows" name="test_update_user_invalid_role" time="0.042" /><testcase classname="backend.tests.test_users_workflows" name="test_update_user_no_fields" time="0.044" /><testcase classname="backend.tests.test_users_workflows" name="test_update_user_not_found" time="0.041" /><testcase classname="backend.tests.test_users_workflows" name="test_update_user_deactivate_then_login_blocked" time="0.391" /><testcase classname="backend.tests.test_users_workflows" name="test_reset_password" time="0.791" /><testcase classname="backend.tests.test_users_workflows" name="test_reset_password_too_short" time="0.043" /><testcase classname="backend.tests.test_users_workflows" name="test_reset_password_user_not_found" time="0.264" /><testcase classname="backend.tests.test_users_workflows" name="test_delete_self_blocked" time="0.041" /><testcase classname="backend.tests.test_users_workflows" name="test_delete_user" time="0.132" /><testcase classname="backend.tests.test_users_workflows" name="test_list_workflows_seeds" time="0.044" /><testcase classname="backend.tests.test_users_workflows" name="test_get_workflow_by_id" time="0.044" /><testcase classname="backend.tests.test_users_workflows" name="test_get_workflow_not_found" time="0.042" /><testcase classname="backend.tests.test_users_workflows" name="test_create_workflow_requires_supervisor" time="0.043" /><testcase classname="backend.tests.test_users_workflows" name="test_create_workflow" time="0.044" /><testcase classname="backend.tests.test_users_workflows" name="test_update_workflow" time="0.044" /><testcase classname="backend.tests.test_users_workflows" name="test_update_workflow_not_found" time="0.044" /><testcase classname="backend.tests.test_users_workflows" name="test_delete_seed_workflow_soft_disables" time="0.251" /><testcase classname="backend.tests.test_users_workflows" name="test_delete_custom_workflow_hard_deletes" time="0.124" /><testcase classname="backend.tests.test_users_workflows" name="test_regression_kb_list" time="0.043" /><testcase classname="backend.tests.test_users_workflows" name="test_regression_create_call_and_analyze" time="6.452" /></testsuite></testsuites>