<?xml version="1.0" encoding="utf-8"?><testsuites name="pytest tests"><testsuite name="pytest" errors="0" failures="0" skipped="0" tests="20" time="6.624" timestamp="2026-06-23T19:01:17.049330+00:00" hostname="agent-env-51395054-5798-4ef2-baad-ff720c697c3d"><testcase classname="backend.tests.test_articles_analytics.TestArticlesPublicRead" name="test_list_articles_public_no_auth" time="0.317" /><testcase classname="backend.tests.test_articles_analytics.TestArticlesPublicRead" name="test_get_assist_flow_article" time="0.126" /><testcase classname="backend.tests.test_articles_analytics.TestArticlesPublicRead" name="test_get_missing_article_404" time="0.112" /><testcase classname="backend.tests.test_articles_analytics.TestArticlesRBAC" name="test_agent_cannot_create" time="0.480" /><testcase classname="backend.tests.test_articles_analytics.TestArticlesRBAC" name="test_supervisor_can_create_and_slug_auto" time="0.564" /><testcase classname="backend.tests.test_articles_analytics.TestArticlesRBAC" name="test_upsert_same_slug_returns_updated_true" time="0.431" /><testcase classname="backend.tests.test_articles_analytics.TestArticlesRBAC" name="test_patch_updates_existing" time="0.451" /><testcase classname="backend.tests.test_articles_analytics.TestArticlesRBAC" name="test_delete_soft_disables" time="0.424" /><testcase classname="backend.tests.test_articles_analytics.TestRankWebhook" name="test_webhook_missing_secret_401" time="0.106" /><testcase classname="backend.tests.test_articles_analytics.TestRankWebhook" name="test_webhook_wrong_secret_401" time="0.120" /><testcase classname="backend.tests.test_articles_analytics.TestRankWebhook" name="test_webhook_flat_payload_inserts" time="0.371" /><testcase classname="backend.tests.test_articles_analytics.TestRankWebhook" name="test_webhook_envelope_payload" time="0.334" /><testcase classname="backend.tests.test_articles_analytics.TestAnalyticsHeatmap" name="test_supervisor_heatmap" time="0.103" /><testcase classname="backend.tests.test_articles_analytics.TestAnalyticsHeatmap" name="test_agent_heatmap_scope" time="0.118" /><testcase classname="backend.tests.test_articles_analytics.TestAnalyticsDod" name="test_supervisor_dod" time="0.106" /><testcase classname="backend.tests.test_articles_analytics.TestAnalyticsDod" name="test_agent_dod_own_only" time="0.098" /><testcase classname="backend.tests.test_articles_analytics.TestAnalyticsAgentDaily" name="test_supervisor_agent_daily" time="0.109" /><testcase classname="backend.tests.test_articles_analytics.TestAnalyticsAgentDaily" name="test_agent_forbidden" time="0.103" /><testcase classname="backend.tests.test_articles_analytics.TestWorkflowAssignment" name="test_create_user_with_allowed_workflows" time="0.531" /><testcase classname="backend.tests.test_articles_analytics.TestWorkflowAssignment" name="test_patch_user_allowed_workflows_and_agent_get_filters" time="1.494" /></testsuite></testsuites>