<?xml version="1.0" encoding="utf-8"?><testsuites name="pytest tests"><testsuite name="pytest" errors="0" failures="0" skipped="0" tests="124" time="51.953" timestamp="2026-06-23T19:04:49.367357+00:00" hostname="agent-env-51395054-5798-4ef2-baad-ff720c697c3d"><testcase classname="backend.tests.backend_test" name="test_register_supervisor_seeded" time="0.391" /><testcase classname="backend.tests.backend_test" name="test_register_agent" time="0.548" /><testcase classname="backend.tests.backend_test" name="test_register_supervisor" time="0.275" /><testcase classname="backend.tests.backend_test" name="test_register_requires_supervisor" time="0.052" /><testcase classname="backend.tests.backend_test" name="test_register_duplicate" time="0.052" /><testcase classname="backend.tests.backend_test" name="test_login" time="0.273" /><testcase classname="backend.tests.backend_test" name="test_login_bad" time="0.275" /><testcase classname="backend.tests.backend_test" name="test_me" time="0.057" /><testcase classname="backend.tests.backend_test" name="test_me_no_token" time="0.077" /><testcase classname="backend.tests.backend_test" name="test_kb_seed" time="0.055" /><testcase classname="backend.tests.backend_test" name="test_kb_list" time="0.050" /><testcase classname="backend.tests.backend_test" name="test_kb_upload" time="0.055" /><testcase classname="backend.tests.backend_test" name="test_kb_search" time="2.700" /><testcase classname="backend.tests.backend_test" name="test_kb_delete" time="0.052" /><testcase classname="backend.tests.backend_test" name="test_create_call" time="0.054" /><testcase classname="backend.tests.backend_test" name="test_list_calls" time="0.058" /><testcase classname="backend.tests.backend_test" name="test_active_calls" time="0.068" /><testcase classname="backend.tests.backend_test" name="test_get_call" time="0.055" /><testcase classname="backend.tests.backend_test" name="test_add_utterances" time="0.158" /><testcase classname="backend.tests.backend_test" name="test_analyze_call" time="7.122" /><testcase classname="backend.tests.backend_test" name="test_summary" time="10.588" /><testcase classname="backend.tests.backend_test" name="test_end_call" time="0.115" /><testcase classname="backend.tests.backend_test" name="test_analytics" time="0.087" /><testcase classname="backend.tests.backend_test" name="test_workflows" time="0.063" /><testcase classname="backend.tests.backend_test" name="test_providers" time="0.062" /><testcase classname="backend.tests.backend_test" name="test_webhook_crud" time="0.169" /><testcase classname="backend.tests.test_articles_analytics.TestArticlesPublicRead" name="test_list_articles_public_no_auth" time="0.117" /><testcase classname="backend.tests.test_articles_analytics.TestArticlesPublicRead" name="test_get_assist_flow_article" time="0.113" /><testcase classname="backend.tests.test_articles_analytics.TestArticlesPublicRead" name="test_get_missing_article_404" time="0.104" /><testcase classname="backend.tests.test_articles_analytics.TestArticlesRBAC" name="test_agent_cannot_create" time="0.504" /><testcase classname="backend.tests.test_articles_analytics.TestArticlesRBAC" name="test_supervisor_can_create_and_slug_auto" time="0.631" /><testcase classname="backend.tests.test_articles_analytics.TestArticlesRBAC" name="test_upsert_same_slug_returns_updated_true" time="0.431" /><testcase classname="backend.tests.test_articles_analytics.TestArticlesRBAC" name="test_patch_updates_existing" time="0.478" /><testcase classname="backend.tests.test_articles_analytics.TestArticlesRBAC" name="test_delete_soft_disables" time="0.326" /><testcase classname="backend.tests.test_articles_analytics.TestRankWebhook" name="test_webhook_missing_secret_401" time="0.116" /><testcase classname="backend.tests.test_articles_analytics.TestRankWebhook" name="test_webhook_wrong_secret_401" time="0.095" /><testcase classname="backend.tests.test_articles_analytics.TestRankWebhook" name="test_webhook_flat_payload_inserts" time="0.330" /><testcase classname="backend.tests.test_articles_analytics.TestRankWebhook" name="test_webhook_envelope_payload" time="0.317" /><testcase classname="backend.tests.test_articles_analytics.TestAnalyticsHeatmap" name="test_supervisor_heatmap" time="0.123" /><testcase classname="backend.tests.test_articles_analytics.TestAnalyticsHeatmap" name="test_agent_heatmap_scope" time="0.106" /><testcase classname="backend.tests.test_articles_analytics.TestAnalyticsDod" name="test_supervisor_dod" time="0.105" /><testcase classname="backend.tests.test_articles_analytics.TestAnalyticsDod" name="test_agent_dod_own_only" time="0.092" /><testcase classname="backend.tests.test_articles_analytics.TestAnalyticsAgentDaily" name="test_supervisor_agent_daily" time="0.107" /><testcase classname="backend.tests.test_articles_analytics.TestAnalyticsAgentDaily" name="test_agent_forbidden" time="0.111" /><testcase classname="backend.tests.test_articles_analytics.TestWorkflowAssignment" name="test_create_user_with_allowed_workflows" time="0.566" /><testcase classname="backend.tests.test_articles_analytics.TestWorkflowAssignment" name="test_patch_user_allowed_workflows_and_agent_get_filters" time="1.476" /><testcase classname="backend.tests.test_contact_admin" name="test_setup_supervisor_login" time="0.328" /><testcase classname="backend.tests.test_contact_admin" name="test_setup_create_agent" time="0.560" /><testcase classname="backend.tests.test_contact_admin" name="test_contact_submit_ok" time="0.054" /><testcase classname="backend.tests.test_contact_admin" name="test_contact_no_auth_required" time="0.110" /><testcase classname="backend.tests.test_contact_admin" name="test_contact_missing_name" time="0.048" /><testcase classname="backend.tests.test_contact_admin" name="test_contact_missing_message" time="0.049" /><testcase classname="backend.tests.test_contact_admin" name="test_contact_invalid_email" time="0.045" /><testcase classname="backend.tests.test_contact_admin" name="test_contacts_list_no_auth_blocked" time="0.104" /><testcase classname="backend.tests.test_contact_admin" name="test_contacts_list_agent_forbidden" time="0.048" /><testcase classname="backend.tests.test_contact_admin" name="test_contacts_list_supervisor" time="0.052" /><testcase classname="backend.tests.test_contact_admin" name="test_create_user_admin_role" time="0.275" /><testcase classname="backend.tests.test_contact_admin" name="test_create_user_invalid_role_ceo" time="0.052" /><testcase classname="backend.tests.test_contact_admin" name="test_admin_can_login" time="0.275" /><testcase classname="backend.tests.test_contact_admin" name="test_admin_can_list_users" time="0.081" /><testcase classname="backend.tests.test_contact_admin" name="test_admin_can_list_contacts" time="0.052" /><testcase classname="backend.tests.test_contact_admin" name="test_admin_can_update_settings_assist" time="0.099" /><testcase classname="backend.tests.test_contact_admin" name="test_agent_cannot_update_settings_assist" time="0.046" /><testcase classname="backend.tests.test_contact_admin" name="test_patch_user_agent_to_admin_and_back" time="0.422" /><testcase classname="backend.tests.test_contact_admin" name="test_register_admin_role" time="0.375" /><testcase classname="backend.tests.test_contact_admin" name="test_zz_cleanup_admin" time="0.051" /><testcase classname="backend.tests.test_insights.TestCopilotRemoved" name="test_copilot_chat_404" time="0.447" /><testcase classname="backend.tests.test_insights.TestCopilotRemoved" name="test_copilot_sessions_404" time="0.126" /><testcase classname="backend.tests.test_insights.TestCategories" name="test_list_seeds_six" time="0.103" /><testcase classname="backend.tests.test_insights.TestCategories" name="test_agent_can_list" time="0.500" /><testcase classname="backend.tests.test_insights.TestCategories" name="test_create_requires_supervisor" time="0.116" /><testcase classname="backend.tests.test_insights.TestCategories" name="test_create_update_delete_custom" time="0.660" /><testcase classname="backend.tests.test_insights.TestCategories" name="test_patch_404" time="0.117" /><testcase classname="backend.tests.test_insights.TestCategories" name="test_delete_seed_soft_disables" time="0.440" /><testcase classname="backend.tests.test_insights.TestCategories" name="test_delete_404" time="0.100" /><testcase classname="backend.tests.test_insights.TestCategories" name="test_recompute_requires_supervisor" time="0.099" /><testcase classname="backend.tests.test_insights.TestCategories" name="test_recompute_returns_counts" time="0.136" /><testcase classname="backend.tests.test_insights.TestExplorer" name="test_search_no_query" time="0.103" /><testcase classname="backend.tests.test_insights.TestExplorer" name="test_search_pagination" time="0.213" /><testcase classname="backend.tests.test_insights.TestExplorer" name="test_search_filters" time="0.126" /><testcase classname="backend.tests.test_insights.TestExplorer" name="test_search_with_query_returns_snippet" time="0.101" /><testcase classname="backend.tests.test_insights.TestExplorer" name="test_search_category_filter" time="0.215" /><testcase classname="backend.tests.test_insights.TestExplorer" name="test_search_agent_scoped" time="0.113" /><testcase classname="backend.tests.test_insights.TestExplorer" name="test_call_detail" time="0.221" /><testcase classname="backend.tests.test_insights.TestExplorer" name="test_call_detail_404" time="0.103" /><testcase classname="backend.tests.test_insights.TestExplorer" name="test_call_detail_agent_scope_blocks_others" time="0.238" /><testcase classname="backend.tests.test_insights.TestScorecard" name="test_agents_requires_supervisor" time="0.096" /><testcase classname="backend.tests.test_insights.TestScorecard" name="test_agents_rollup" time="0.113" /><testcase classname="backend.tests.test_insights.TestScorecard" name="test_agent_scorecard_self" time="0.106" /><testcase classname="backend.tests.test_insights.TestScorecard" name="test_agent_cannot_view_other" time="0.232" /><testcase classname="backend.tests.test_insights.TestScorecard" name="test_supervisor_can_view_any_agent" time="0.111" /><testcase classname="backend.tests.test_insights.TestTrends" name="test_trends_supervisor" time="0.101" /><testcase classname="backend.tests.test_insights.TestTrends" name="test_trends_agent_scoped" time="0.233" /><testcase classname="backend.tests.test_insights.TestAutoTagging" name="test_categories_auto_set_on_end_call" time="0.758" /><testcase classname="backend.tests.test_insights.TestAutoTagging" name="test_recompute_after_keyword_change" time="0.841" /><testcase classname="backend.tests.test_users_workflows" name="test_demo_login_supervisor" time="0.332" /><testcase classname="backend.tests.test_users_workflows" name="test_users_list_requires_supervisor" time="0.607" /><testcase classname="backend.tests.test_users_workflows" name="test_users_list_no_password_field" time="0.053" /><testcase classname="backend.tests.test_users_workflows" name="test_create_user" time="0.328" /><testcase classname="backend.tests.test_users_workflows" name="test_create_user_duplicate_email" time="0.048" /><testcase classname="backend.tests.test_users_workflows" name="test_create_user_invalid_role" time="0.047" /><testcase classname="backend.tests.test_users_workflows" name="test_create_user_admin_role" time="0.322" /><testcase classname="backend.tests.test_users_workflows" name="test_create_user_login_works" time="0.274" /><testcase classname="backend.tests.test_users_workflows" name="test_update_user_name_and_role" time="0.053" /><testcase classname="backend.tests.test_users_workflows" name="test_update_user_invalid_role" time="0.047" /><testcase classname="backend.tests.test_users_workflows" name="test_update_user_no_fields" time="0.053" /><testcase classname="backend.tests.test_users_workflows" name="test_update_user_not_found" time="0.051" /><testcase classname="backend.tests.test_users_workflows" name="test_update_user_deactivate_then_login_blocked" time="0.378" /><testcase classname="backend.tests.test_users_workflows" name="test_reset_password" time="0.822" /><testcase classname="backend.tests.test_users_workflows" name="test_reset_password_too_short" time="0.057" /><testcase classname="backend.tests.test_users_workflows" name="test_reset_password_user_not_found" time="0.273" /><testcase classname="backend.tests.test_users_workflows" name="test_delete_self_blocked" time="0.049" /><testcase classname="backend.tests.test_users_workflows" name="test_delete_user" time="0.154" /><testcase classname="backend.tests.test_users_workflows" name="test_list_workflows_seeds" time="0.067" /><testcase classname="backend.tests.test_users_workflows" name="test_get_workflow_by_id" time="0.051" /><testcase classname="backend.tests.test_users_workflows" name="test_get_workflow_not_found" time="0.054" /><testcase classname="backend.tests.test_users_workflows" name="test_create_workflow_requires_supervisor" time="0.173" /><testcase classname="backend.tests.test_users_workflows" name="test_create_workflow" time="0.048" /><testcase classname="backend.tests.test_users_workflows" name="test_update_workflow" time="0.053" /><testcase classname="backend.tests.test_users_workflows" name="test_update_workflow_not_found" time="0.052" /><testcase classname="backend.tests.test_users_workflows" name="test_delete_seed_workflow_soft_disables" time="0.211" /><testcase classname="backend.tests.test_users_workflows" name="test_delete_custom_workflow_hard_deletes" time="0.211" /><testcase classname="backend.tests.test_users_workflows" name="test_regression_kb_list" time="0.056" /><testcase classname="backend.tests.test_users_workflows" name="test_regression_create_call_and_analyze" time="7.130" /></testsuite></testsuites>