<?xml version="1.0" encoding="utf-8"?><testsuites name="pytest tests"><testsuite name="pytest" errors="0" failures="0" skipped="0" tests="28" time="14.711" timestamp="2026-05-05T15:12:51.908268+00:00" hostname="agent-env-51395054-5798-4ef2-baad-ff720c697c3d"><testcase classname="backend.tests.test_users_workflows" name="test_demo_login_supervisor" time="0.647" /><testcase classname="backend.tests.test_users_workflows" name="test_users_list_requires_supervisor" time="0.431" /><testcase classname="backend.tests.test_users_workflows" name="test_users_list_no_password_field" time="0.074" /><testcase classname="backend.tests.test_users_workflows" name="test_create_user" time="0.392" /><testcase classname="backend.tests.test_users_workflows" name="test_create_user_duplicate_email" time="0.072" /><testcase classname="backend.tests.test_users_workflows" name="test_create_user_invalid_role" time="0.077" /><testcase classname="backend.tests.test_users_workflows" name="test_create_user_login_works" time="0.307" /><testcase classname="backend.tests.test_users_workflows" name="test_update_user_name_and_role" time="0.083" /><testcase classname="backend.tests.test_users_workflows" name="test_update_user_invalid_role" time="0.074" /><testcase classname="backend.tests.test_users_workflows" name="test_update_user_no_fields" time="0.082" /><testcase classname="backend.tests.test_users_workflows" name="test_update_user_not_found" time="0.076" /><testcase classname="backend.tests.test_users_workflows" name="test_update_user_deactivate_then_login_blocked" time="0.457" /><testcase classname="backend.tests.test_users_workflows" name="test_reset_password" time="0.907" /><testcase classname="backend.tests.test_users_workflows" name="test_reset_password_too_short" time="0.088" /><testcase classname="backend.tests.test_users_workflows" name="test_reset_password_user_not_found" time="0.317" /><testcase classname="backend.tests.test_users_workflows" name="test_delete_self_blocked" time="0.092" /><testcase classname="backend.tests.test_users_workflows" name="test_delete_user" time="0.238" /><testcase classname="backend.tests.test_users_workflows" name="test_list_workflows_seeds" time="0.404" /><testcase classname="backend.tests.test_users_workflows" name="test_get_workflow_by_id" time="0.083" /><testcase classname="backend.tests.test_users_workflows" name="test_get_workflow_not_found" time="0.075" /><testcase classname="backend.tests.test_users_workflows" name="test_create_workflow_requires_supervisor" time="0.307" /><testcase classname="backend.tests.test_users_workflows" name="test_create_workflow" time="0.081" /><testcase classname="backend.tests.test_users_workflows" name="test_update_workflow" time="0.088" /><testcase classname="backend.tests.test_users_workflows" name="test_update_workflow_not_found" time="0.146" /><testcase classname="backend.tests.test_users_workflows" name="test_delete_seed_workflow_soft_disables" time="0.324" /><testcase classname="backend.tests.test_users_workflows" name="test_delete_custom_workflow_hard_deletes" time="0.352" /><testcase classname="backend.tests.test_users_workflows" name="test_regression_kb_list" time="0.078" /><testcase classname="backend.tests.test_users_workflows" name="test_regression_create_call_and_analyze" time="8.285" /></testsuite></testsuites>