<?xml version="1.0" encoding="utf-8"?><testsuites name="pytest tests"><testsuite name="pytest" errors="0" failures="0" skipped="0" tests="29" time="6.586" timestamp="2026-06-12T10:33:32.845465+00:00" hostname="agent-env-51395054-5798-4ef2-baad-ff720c697c3d"><testcase classname="backend.tests.test_insights.TestCopilotRemoved" name="test_copilot_chat_404" time="0.553" /><testcase classname="backend.tests.test_insights.TestCopilotRemoved" name="test_copilot_sessions_404" time="0.094" /><testcase classname="backend.tests.test_insights.TestCategories" name="test_list_seeds_six" time="0.108" /><testcase classname="backend.tests.test_insights.TestCategories" name="test_agent_can_list" time="0.417" /><testcase classname="backend.tests.test_insights.TestCategories" name="test_create_requires_supervisor" time="0.092" /><testcase classname="backend.tests.test_insights.TestCategories" name="test_create_update_delete_custom" time="0.649" /><testcase classname="backend.tests.test_insights.TestCategories" name="test_patch_404" time="0.099" /><testcase classname="backend.tests.test_insights.TestCategories" name="test_delete_seed_soft_disables" time="0.395" /><testcase classname="backend.tests.test_insights.TestCategories" name="test_delete_404" time="0.094" /><testcase classname="backend.tests.test_insights.TestCategories" name="test_recompute_requires_supervisor" time="0.102" /><testcase classname="backend.tests.test_insights.TestCategories" name="test_recompute_returns_counts" time="0.115" /><testcase classname="backend.tests.test_insights.TestExplorer" name="test_search_no_query" time="0.106" /><testcase classname="backend.tests.test_insights.TestExplorer" name="test_search_pagination" time="0.197" /><testcase classname="backend.tests.test_insights.TestExplorer" name="test_search_filters" time="0.104" /><testcase classname="backend.tests.test_insights.TestExplorer" name="test_search_with_query_returns_snippet" time="0.104" /><testcase classname="backend.tests.test_insights.TestExplorer" name="test_search_category_filter" time="0.192" /><testcase classname="backend.tests.test_insights.TestExplorer" name="test_search_agent_scoped" time="0.098" /><testcase classname="backend.tests.test_insights.TestExplorer" name="test_call_detail" time="0.200" /><testcase classname="backend.tests.test_insights.TestExplorer" name="test_call_detail_404" time="0.156" /><testcase classname="backend.tests.test_insights.TestExplorer" name="test_call_detail_agent_scope_blocks_others" time="0.208" /><testcase classname="backend.tests.test_insights.TestScorecard" name="test_agents_requires_supervisor" time="0.105" /><testcase classname="backend.tests.test_insights.TestScorecard" name="test_agents_rollup" time="0.097" /><testcase classname="backend.tests.test_insights.TestScorecard" name="test_agent_scorecard_self" time="0.101" /><testcase classname="backend.tests.test_insights.TestScorecard" name="test_agent_cannot_view_other" time="0.207" /><testcase classname="backend.tests.test_insights.TestScorecard" name="test_supervisor_can_view_any_agent" time="0.097" /><testcase classname="backend.tests.test_insights.TestTrends" name="test_trends_supervisor" time="0.100" /><testcase classname="backend.tests.test_insights.TestTrends" name="test_trends_agent_scoped" time="0.208" /><testcase classname="backend.tests.test_insights.TestAutoTagging" name="test_categories_auto_set_on_end_call" time="0.694" /><testcase classname="backend.tests.test_insights.TestAutoTagging" name="test_recompute_after_keyword_change" time="0.774" /></testsuite></testsuites>