<?xml version="1.0" encoding="utf-8"?><testsuites name="pytest tests"><testsuite name="pytest" errors="0" failures="0" skipped="0" tests="24" time="20.065" timestamp="2026-04-19T20:30:07.268540+00:00" hostname="agent-env-51395054-5798-4ef2-baad-ff720c697c3d"><testcase classname="backend.tests.backend_test" name="test_register_agent" time="0.593" /><testcase classname="backend.tests.backend_test" name="test_register_supervisor" time="0.274" /><testcase classname="backend.tests.backend_test" name="test_register_duplicate" time="0.048" /><testcase classname="backend.tests.backend_test" name="test_login" time="0.277" /><testcase classname="backend.tests.backend_test" name="test_login_bad" time="0.271" /><testcase classname="backend.tests.backend_test" name="test_me" time="0.063" /><testcase classname="backend.tests.backend_test" name="test_me_no_token" time="0.052" /><testcase classname="backend.tests.backend_test" name="test_kb_seed" time="0.051" /><testcase classname="backend.tests.backend_test" name="test_kb_list" time="0.052" /><testcase classname="backend.tests.backend_test" name="test_kb_upload" time="0.048" /><testcase classname="backend.tests.backend_test" name="test_kb_search" time="2.564" /><testcase classname="backend.tests.backend_test" name="test_kb_delete" time="0.150" /><testcase classname="backend.tests.backend_test" name="test_create_call" time="0.046" /><testcase classname="backend.tests.backend_test" name="test_list_calls" time="0.050" /><testcase classname="backend.tests.backend_test" name="test_active_calls" time="0.071" /><testcase classname="backend.tests.backend_test" name="test_get_call" time="0.051" /><testcase classname="backend.tests.backend_test" name="test_add_utterances" time="0.166" /><testcase classname="backend.tests.backend_test" name="test_analyze_call" time="11.123" /><testcase classname="backend.tests.backend_test" name="test_summary" time="3.490" /><testcase classname="backend.tests.backend_test" name="test_end_call" time="0.093" /><testcase classname="backend.tests.backend_test" name="test_analytics" time="0.051" /><testcase classname="backend.tests.backend_test" name="test_workflows" time="0.051" /><testcase classname="backend.tests.backend_test" name="test_providers" time="0.054" /><testcase classname="backend.tests.backend_test" name="test_webhook_crud" time="0.289" /></testsuite></testsuites>